<?xml version="1.0" encoding="UTF-8"?>
<testng-results skipped="0" failed="0" total="1" passed="1">
  <reporter-output>
  </reporter-output>
  <suite name="Suite" duration-ms="12930" started-at="2018-07-04T04:43:56Z" finished-at="2018-07-04T04:44:09Z">
    <groups>
    </groups>
    <test name="Test" duration-ms="12930" started-at="2018-07-04T04:43:56Z" finished-at="2018-07-04T04:44:09Z">
      <class name="Test1.TestCase2">
        <test-method status="PASS" signature="testgithublogin()[pri:0, instance:Test1.TestCase2@3c5a99da]" name="testgithublogin" duration-ms="12918" started-at="2018-07-04T10:13:56Z" finished-at="2018-07-04T10:14:09Z">
          <reporter-output>
          </reporter-output>
        </test-method> <!-- testgithublogin -->
      </class> <!-- Test1.TestCase2 -->
    </test> <!-- Test -->
  </suite> <!-- Suite -->
</testng-results>
